2019-09-27 15:29:52 INFO  BaseTest:19 - Starting Test Case : doLogin
2019-09-27 15:29:52 INFO  PayloadGenerator:14 - Inside PayloadConverter function
2019-09-27 15:29:52 INFO  URL:17 - URI End Point : http://localhost:8091/rest/auth/1/session
2019-09-27 15:29:52 INFO  RESTCalls:24 - Inside POSTRequest call
2019-09-27 15:29:53 DEBUG BasicClientConnectionManager:164 - Get connection for route {}->http://localhost:8091
2019-09-27 15:29:53 DEBUG DefaultClientConnectionOperator:176 - Connecting to localhost:8091
2019-09-27 15:29:53 DEBUG RequestAddCookies:122 - CookieSpec selected: ignoreCookies
2019-09-27 15:29:53 DEBUG RequestAuthCache:76 - Auth cache not set in the context
2019-09-27 15:29:53 DEBUG RequestTargetAuthentication:79 - Target auth state: UNCHALLENGED
2019-09-27 15:29:53 DEBUG RequestProxyAuthentication:88 - Proxy auth state: UNCHALLENGED
2019-09-27 15:29:53 DEBUG DefaultHttpClient:684 - Attempt 1 to execute request
2019-09-27 15:29:53 DEBUG DefaultClientConnection:276 - Sending request: POST /rest/auth/1/session HTTP/1.1
2019-09-27 15:29:53 DEBUG wire:72 -  >> "POST /rest/auth/1/session HTTP/1.1[\r][\n]"
2019-09-27 15:29:53 DEBUG wire:72 -  >> "Accept: */*[\r][\n]"
2019-09-27 15:29:53 DEBUG wire:72 -  >> "Content-Type: application/json; charset=UTF-8[\r][\n]"
2019-09-27 15:29:53 DEBUG wire:72 -  >> "Content-Length: 51[\r][\n]"
2019-09-27 15:29:53 DEBUG wire:72 -  >> "Host: localhost:8091[\r][\n]"
2019-09-27 15:29:53 DEBUG wire:72 -  >> "Connection: Keep-Alive[\r][\n]"
2019-09-27 15:29:53 DEBUG wire:72 -  >> "User-Agent: Apache-HttpClient/4.5.2 (Java/1.8.0_212)[\r][\n]"
2019-09-27 15:29:53 DEBUG wire:72 -  >> "Accept-Encoding: gzip,deflate[\r][\n]"
2019-09-27 15:29:53 DEBUG wire:72 -  >> "[\r][\n]"
2019-09-27 15:29:53 DEBUG headers:280 - >> POST /rest/auth/1/session HTTP/1.1
2019-09-27 15:29:53 DEBUG headers:283 - >> Accept: */*
2019-09-27 15:29:53 DEBUG headers:283 - >> Content-Type: application/json; charset=UTF-8
2019-09-27 15:29:53 DEBUG headers:283 - >> Content-Length: 51
2019-09-27 15:29:53 DEBUG headers:283 - >> Host: localhost:8091
2019-09-27 15:29:53 DEBUG headers:283 - >> Connection: Keep-Alive
2019-09-27 15:29:53 DEBUG headers:283 - >> User-Agent: Apache-HttpClient/4.5.2 (Java/1.8.0_212)
2019-09-27 15:29:53 DEBUG headers:283 - >> Accept-Encoding: gzip,deflate
2019-09-27 15:29:53 DEBUG wire:72 -  >> "{  [\n]"
2019-09-27 15:29:53 DEBUG wire:72 -  >> "   "username":"midul",[\n]"
2019-09-27 15:29:53 DEBUG wire:72 -  >> "   "password":"558866"[\n]"
2019-09-27 15:29:53 DEBUG wire:86 -  >> "}"
2019-09-27 15:29:53 DEBUG wire:72 -  << "HTTP/1.1 200 [\r][\n]"
2019-09-27 15:29:53 DEBUG wire:72 -  << "X-AREQUESTID: 929x61x1[\r][\n]"
2019-09-27 15:29:53 DEBUG wire:72 -  << "X-XSS-Protection: 1; mode=block[\r][\n]"
2019-09-27 15:29:53 DEBUG wire:72 -  << "X-Content-Type-Options: nosniff[\r][\n]"
2019-09-27 15:29:53 DEBUG wire:72 -  << "X-Frame-Options: SAMEORIGIN[\r][\n]"
2019-09-27 15:29:53 DEBUG wire:72 -  << "Content-Security-Policy: frame-ancestors 'self'[\r][\n]"
2019-09-27 15:29:53 DEBUG wire:72 -  << "X-ASEN: SEN-L14275626[\r][\n]"
2019-09-27 15:29:53 DEBUG wire:72 -  << "Set-Cookie: atlassian.xsrf.token=BAC5-BS8W-IMNY-XTPC_d965f160620a9d014ba3035feba604bf444c9a39_lout; Path=/[\r][\n]"
2019-09-27 15:29:53 DEBUG wire:72 -  << "Set-Cookie: JSESSIONID=009E6E70741AF9DEF5A9B99D5EB2CE9B; Path=/; HttpOnly[\r][\n]"
2019-09-27 15:29:53 DEBUG wire:72 -  << "X-ASESSIONID: 1og6yoj[\r][\n]"
2019-09-27 15:29:53 DEBUG wire:72 -  << "X-AUSERNAME: anonymous[\r][\n]"
2019-09-27 15:29:53 DEBUG wire:72 -  << "X-Seraph-LoginReason: OK[\r][\n]"
2019-09-27 15:29:53 DEBUG wire:72 -  << "Cache-Control: no-cache, no-store, no-transform[\r][\n]"
2019-09-27 15:29:53 DEBUG wire:72 -  << "Content-Encoding: gzip[\r][\n]"
2019-09-27 15:29:53 DEBUG wire:72 -  << "Vary: User-Agent[\r][\n]"
2019-09-27 15:29:53 DEBUG wire:72 -  << "Content-Type: application/json;charset=UTF-8[\r][\n]"
2019-09-27 15:29:53 DEBUG wire:72 -  << "Transfer-Encoding: chunked[\r][\n]"
2019-09-27 15:29:53 DEBUG wire:72 -  << "Date: Fri, 27 Sep 2019 19:29:53 GMT[\r][\n]"
2019-09-27 15:29:53 DEBUG wire:72 -  << "[\r][\n]"
2019-09-27 15:29:53 DEBUG DefaultClientConnection:261 - Receiving response: HTTP/1.1 200 
2019-09-27 15:29:53 DEBUG headers:264 - << HTTP/1.1 200 
2019-09-27 15:29:53 DEBUG headers:267 - << X-AREQUESTID: 929x61x1
2019-09-27 15:29:53 DEBUG headers:267 - << X-XSS-Protection: 1; mode=block
2019-09-27 15:29:53 DEBUG headers:267 - << X-Content-Type-Options: nosniff
2019-09-27 15:29:53 DEBUG headers:267 - << X-Frame-Options: SAMEORIGIN
2019-09-27 15:29:53 DEBUG headers:267 - << Content-Security-Policy: frame-ancestors 'self'
2019-09-27 15:29:53 DEBUG headers:267 - << X-ASEN: SEN-L14275626
2019-09-27 15:29:53 DEBUG headers:267 - << Set-Cookie: atlassian.xsrf.token=BAC5-BS8W-IMNY-XTPC_d965f160620a9d014ba3035feba604bf444c9a39_lout; Path=/
2019-09-27 15:29:53 DEBUG headers:267 - << Set-Cookie: JSESSIONID=009E6E70741AF9DEF5A9B99D5EB2CE9B; Path=/; HttpOnly
2019-09-27 15:29:53 DEBUG headers:267 - << X-ASESSIONID: 1og6yoj
2019-09-27 15:29:53 DEBUG headers:267 - << X-AUSERNAME: anonymous
2019-09-27 15:29:53 DEBUG headers:267 - << X-Seraph-LoginReason: OK
2019-09-27 15:29:53 DEBUG headers:267 - << Cache-Control: no-cache, no-store, no-transform
2019-09-27 15:29:53 DEBUG headers:267 - << Content-Encoding: gzip
2019-09-27 15:29:53 DEBUG headers:267 - << Vary: User-Agent
2019-09-27 15:29:53 DEBUG headers:267 - << Content-Type: application/json;charset=UTF-8
2019-09-27 15:29:53 DEBUG headers:267 - << Transfer-Encoding: chunked
2019-09-27 15:29:53 DEBUG headers:267 - << Date: Fri, 27 Sep 2019 19:29:53 GMT
2019-09-27 15:29:53 DEBUG DefaultHttpClient:511 - Connection can be kept alive indefinitely
2019-09-27 15:29:53 DEBUG RequestSpecificationImpl$RestAssuredHttpBuilder:545 - Parsing response as: application/json;charset=UTF-8
2019-09-27 15:29:53 DEBUG wire:72 -  << "96[\r][\n]"
2019-09-27 15:29:53 DEBUG wire:86 -  << "[0x1f]"
2019-09-27 15:29:53 DEBUG wire:86 -  << "[0x8b]"
2019-09-27 15:29:53 DEBUG wire:86 -  << "[0x8]"
2019-09-27 15:29:53 DEBUG wire:86 -  << "[0x0]"
2019-09-27 15:29:53 DEBUG wire:86 -  << "[0x0][0x0][0x0][0x0][0x0][0x0]"
2019-09-27 15:29:53 DEBUG RequestSpecificationImpl$RestAssuredHttpBuilder:548 - Parsed data to instance of: class org.apache.http.conn.EofSensorInputStream
2019-09-27 15:29:53 DEBUG RESTCalls:28 - io.restassured.internal.RequestSpecificationImpl@2da59753
2019-09-27 15:29:53 DEBUG wire:72 -  << "[0x1c][0x8d][0xb1][0xe][0x83] [0x14][0x0][0xff][0xe5][0xcd][0xd2]<)[0x94]>6QLh[0x9a]v[0xc0][0x1f]p[0xb0][0x86][0xc4]BS[0xaa][0x8b][0xf1][0xdf][0x1b][0x1d][0xef][0x86][0xbb][0x15][0xf2][0x90]sH[0x11][0xf4][\n]"
2019-09-27 15:29:53 DEBUG wire:86 -  << "[0xb1][0xf][0xa0][0xe1][0xe6][0xad][0xf7][0xee][0xf9]p[\r][0x14][0xb0][0xf4][0xd3][0xbc]KD[0xb2][0x17][0xab]P[0x89][0xb2]j[0xa9][0xb1][0xad][0xac][0xc8][0x10]5[0xd2][0x1a]^[2[0xb0][0x15]0[0xa5]1D[0x17]_i[0x8f][0x1d]P[0xa7]9[0xfe]@[0xb]*[0xe0][0xf3][0x1d][0x96][0x90][0xe6]|[0xdf]}[0x17][0x8e][0x13][0xc7][0x92][0x18][0x12][0xe3][0xaa]+[0xa5][0xe6][0xa4][0xcf][0xfc]$[0xaf][0x8a][0xa1]@[0x84]m[0xfb][0x3][0x0][0x0][0xff][0xff]"
2019-09-27 15:29:53 DEBUG wire:72 -  << "[\r][\n]"
2019-09-27 15:29:53 DEBUG wire:72 -  << "a[\r][\n]"
2019-09-27 15:29:53 DEBUG wire:86 -  << "[0x3][0x0][0x9c][0xf6][0xed][0x1f][0x9d][0x0][0x0][0x0]"
2019-09-27 15:29:53 DEBUG wire:72 -  << "[\r][\n]"
2019-09-27 15:29:53 DEBUG wire:72 -  << "0[\r][\n]"
2019-09-27 15:29:53 DEBUG wire:72 -  << "[\r][\n]"
2019-09-27 15:29:53 DEBUG BasicClientConnectionManager:203 - Releasing connection org.apache.http.impl.conn.ManagedClientConnectionImpl@73a2e526
2019-09-27 15:29:53 DEBUG BasicClientConnectionManager:228 - Connection can be kept alive indefinitely
2019-09-27 15:29:53 INFO  BaseTest:26 - Login Response Body: {"session":{"name":"JSESSIONID","value":"009E6E70741AF9DEF5A9B99D5EB2CE9B"},"loginInfo":{"loginCount":49,"previousLoginTime":"2019-09-27T15:29:32.587-0400"}}
2019-09-27 15:29:53 INFO  TestUtils:15 - Converting Response to String
2019-09-27 15:29:53 DEBUG TestUtils:17 - String Response{"session":{"name":"JSESSIONID","value":"009E6E70741AF9DEF5A9B99D5EB2CE9B"},"loginInfo":{"loginCount":49,"previousLoginTime":"2019-09-27T15:29:32.587-0400"}}
2019-09-27 15:29:53 INFO  TestUtils:22 - Parsing String Response to JSON
2019-09-27 15:29:53 DEBUG TestUtils:24 - JSON Response: io.restassured.path.json.JsonPath@37091312
2019-09-27 15:29:54 INFO  BaseTest:31 - JIRA JSession ID : 009E6E70741AF9DEF5A9B99D5EB2CE9B
2019-09-27 15:29:54 INFO  PayloadGenerator:14 - Inside PayloadConverter function
2019-09-27 15:29:54 INFO  URL:17 - URI End Point : http://localhost:8091/rest/api/2/issue/
2019-09-27 15:29:54 INFO  RESTCalls:33 - Inside POSTRequest call
2019-09-27 15:29:54 DEBUG BasicClientConnectionManager:164 - Get connection for route {}->http://localhost:8091
2019-09-27 15:29:54 DEBUG DefaultClientConnectionOperator:176 - Connecting to localhost:8091
2019-09-27 15:29:54 DEBUG RequestAddCookies:122 - CookieSpec selected: ignoreCookies
2019-09-27 15:29:54 DEBUG RequestAuthCache:76 - Auth cache not set in the context
2019-09-27 15:29:54 DEBUG RequestTargetAuthentication:79 - Target auth state: UNCHALLENGED
2019-09-27 15:29:54 DEBUG RequestProxyAuthentication:88 - Proxy auth state: UNCHALLENGED
2019-09-27 15:29:54 DEBUG DefaultHttpClient:684 - Attempt 1 to execute request
2019-09-27 15:29:54 DEBUG DefaultClientConnection:276 - Sending request: POST /rest/api/2/issue/ HTTP/1.1
2019-09-27 15:29:54 DEBUG wire:72 -  >> "POST /rest/api/2/issue/ HTTP/1.1[\r][\n]"
2019-09-27 15:29:54 DEBUG wire:72 -  >> "cookie: JSESSIONID=009E6E70741AF9DEF5A9B99D5EB2CE9B[\r][\n]"
2019-09-27 15:29:54 DEBUG wire:72 -  >> "Accept: */*[\r][\n]"
2019-09-27 15:29:54 DEBUG wire:72 -  >> "Content-Type: application/json; charset=UTF-8[\r][\n]"
2019-09-27 15:29:54 DEBUG wire:72 -  >> "Content-Length: 352[\r][\n]"
2019-09-27 15:29:54 DEBUG wire:72 -  >> "Host: localhost:8091[\r][\n]"
2019-09-27 15:29:54 DEBUG wire:72 -  >> "Connection: Keep-Alive[\r][\n]"
2019-09-27 15:29:54 DEBUG wire:72 -  >> "User-Agent: Apache-HttpClient/4.5.2 (Java/1.8.0_212)[\r][\n]"
2019-09-27 15:29:54 DEBUG wire:72 -  >> "Accept-Encoding: gzip,deflate[\r][\n]"
2019-09-27 15:29:54 DEBUG wire:72 -  >> "[\r][\n]"
2019-09-27 15:29:54 DEBUG headers:280 - >> POST /rest/api/2/issue/ HTTP/1.1
2019-09-27 15:29:54 DEBUG headers:283 - >> cookie: JSESSIONID=009E6E70741AF9DEF5A9B99D5EB2CE9B
2019-09-27 15:29:54 DEBUG headers:283 - >> Accept: */*
2019-09-27 15:29:54 DEBUG headers:283 - >> Content-Type: application/json; charset=UTF-8
2019-09-27 15:29:54 DEBUG headers:283 - >> Content-Length: 352
2019-09-27 15:29:54 DEBUG headers:283 - >> Host: localhost:8091
2019-09-27 15:29:54 DEBUG headers:283 - >> Connection: Keep-Alive
2019-09-27 15:29:54 DEBUG headers:283 - >> User-Agent: Apache-HttpClient/4.5.2 (Java/1.8.0_212)
2019-09-27 15:29:54 DEBUG headers:283 - >> Accept-Encoding: gzip,deflate
2019-09-27 15:29:54 DEBUG wire:72 -  >> "{[\n]"
2019-09-27 15:29:54 DEBUG wire:72 -  >> "  "fields": {[\n]"
2019-09-27 15:29:54 DEBUG wire:72 -  >> "    "project":[\n]"
2019-09-27 15:29:54 DEBUG wire:72 -  >> "    {[\n]"
2019-09-27 15:29:54 DEBUG wire:72 -  >> "      "key": "LA"[\n]"
2019-09-27 15:29:54 DEBUG wire:72 -  >> "    },[\n]"
2019-09-27 15:29:54 DEBUG wire:72 -  >> "    "summary": "Always do right. This will gratify some people and astonish the REST.",[\n]"
2019-09-27 15:29:54 DEBUG wire:72 -  >> "    "description": "Creating an issue while setting custom field values",[\n]"
2019-09-27 15:29:54 DEBUG wire:72 -  >> "    "issuetype": {[\n]"
2019-09-27 15:29:54 DEBUG wire:72 -  >> "      "name": "Bug"[\n]"
2019-09-27 15:29:54 DEBUG wire:72 -  >> "    },[\n]"
2019-09-27 15:29:54 DEBUG wire:72 -  >> "    "customfield_10201" : "Value that we're putting into a Free Text Field."[\n]"
2019-09-27 15:29:54 DEBUG wire:72 -  >> "  }[\n]"
2019-09-27 15:29:54 DEBUG wire:86 -  >> "}"
2019-09-27 15:29:54 DEBUG wire:72 -  << "HTTP/1.1 400 [\r][\n]"
2019-09-27 15:29:54 DEBUG wire:72 -  << "X-AREQUESTID: 929x62x1[\r][\n]"
2019-09-27 15:29:54 DEBUG wire:72 -  << "X-ASESSIONID: 1og6yoj[\r][\n]"
2019-09-27 15:29:54 DEBUG wire:72 -  << "X-XSS-Protection: 1; mode=block[\r][\n]"
2019-09-27 15:29:54 DEBUG wire:72 -  << "X-Content-Type-Options: nosniff[\r][\n]"
2019-09-27 15:29:54 DEBUG wire:72 -  << "X-Frame-Options: SAMEORIGIN[\r][\n]"
2019-09-27 15:29:54 DEBUG wire:72 -  << "Content-Security-Policy: frame-ancestors 'self'[\r][\n]"
2019-09-27 15:29:54 DEBUG wire:72 -  << "X-ASEN: SEN-L14275626[\r][\n]"
2019-09-27 15:29:54 DEBUG wire:72 -  << "X-Seraph-LoginReason: OK[\r][\n]"
2019-09-27 15:29:54 DEBUG wire:72 -  << "Set-Cookie: atlassian.xsrf.token=BAC5-BS8W-IMNY-XTPC_7ae4089b880e12d09bc2fabb5b063ea33fb79c49_lin; Path=/[\r][\n]"
2019-09-27 15:29:54 DEBUG wire:72 -  << "X-AUSERNAME: midul[\r][\n]"
2019-09-27 15:29:54 DEBUG wire:72 -  << "Cache-Control: no-cache, no-store, no-transform[\r][\n]"
2019-09-27 15:29:54 DEBUG wire:72 -  << "Content-Encoding: gzip[\r][\n]"
2019-09-27 15:29:54 DEBUG wire:72 -  << "Vary: User-Agent[\r][\n]"
2019-09-27 15:29:54 DEBUG wire:72 -  << "Content-Type: application/json;charset=UTF-8[\r][\n]"
2019-09-27 15:29:54 DEBUG wire:72 -  << "Transfer-Encoding: chunked[\r][\n]"
2019-09-27 15:29:54 DEBUG wire:72 -  << "Date: Fri, 27 Sep 2019 19:29:53 GMT[\r][\n]"
2019-09-27 15:29:54 DEBUG wire:72 -  << "Connection: close[\r][\n]"
2019-09-27 15:29:54 DEBUG wire:72 -  << "[\r][\n]"
2019-09-27 15:29:54 DEBUG DefaultClientConnection:261 - Receiving response: HTTP/1.1 400 
2019-09-27 15:29:54 DEBUG headers:264 - << HTTP/1.1 400 
2019-09-27 15:29:54 DEBUG headers:267 - << X-AREQUESTID: 929x62x1
2019-09-27 15:29:54 DEBUG headers:267 - << X-ASESSIONID: 1og6yoj
2019-09-27 15:29:54 DEBUG headers:267 - << X-XSS-Protection: 1; mode=block
2019-09-27 15:29:54 DEBUG headers:267 - << X-Content-Type-Options: nosniff
2019-09-27 15:29:54 DEBUG headers:267 - << X-Frame-Options: SAMEORIGIN
2019-09-27 15:29:54 DEBUG headers:267 - << Content-Security-Policy: frame-ancestors 'self'
2019-09-27 15:29:54 DEBUG headers:267 - << X-ASEN: SEN-L14275626
2019-09-27 15:29:54 DEBUG headers:267 - << X-Seraph-LoginReason: OK
2019-09-27 15:29:54 DEBUG headers:267 - << Set-Cookie: atlassian.xsrf.token=BAC5-BS8W-IMNY-XTPC_7ae4089b880e12d09bc2fabb5b063ea33fb79c49_lin; Path=/
2019-09-27 15:29:54 DEBUG headers:267 - << X-AUSERNAME: midul
2019-09-27 15:29:54 DEBUG headers:267 - << Cache-Control: no-cache, no-store, no-transform
2019-09-27 15:29:54 DEBUG headers:267 - << Content-Encoding: gzip
2019-09-27 15:29:54 DEBUG headers:267 - << Vary: User-Agent
2019-09-27 15:29:54 DEBUG headers:267 - << Content-Type: application/json;charset=UTF-8
2019-09-27 15:29:54 DEBUG headers:267 - << Transfer-Encoding: chunked
2019-09-27 15:29:54 DEBUG headers:267 - << Date: Fri, 27 Sep 2019 19:29:53 GMT
2019-09-27 15:29:54 DEBUG headers:267 - << Connection: close
2019-09-27 15:29:54 DEBUG RequestSpecificationImpl$RestAssuredHttpBuilder:545 - Parsing response as: application/json;charset=UTF-8
2019-09-27 15:29:54 DEBUG wire:72 -  << "81[\r][\n]"
2019-09-27 15:29:54 DEBUG wire:86 -  << "[0x1f]"
2019-09-27 15:29:54 DEBUG wire:86 -  << "[0x8b]"
2019-09-27 15:29:54 DEBUG wire:86 -  << "[0x8]"
2019-09-27 15:29:54 DEBUG wire:86 -  << "[0x0]"
2019-09-27 15:29:54 DEBUG wire:86 -  << "[0x0][0x0][0x0][0x0][0x0][0x0]"
2019-09-27 15:29:54 DEBUG RequestSpecificationImpl$RestAssuredHttpBuilder:548 - Parsed data to instance of: class org.apache.http.conn.EofSensorInputStream
2019-09-27 15:29:54 DEBUG RESTCalls:38 - Post Request Specificationsio.restassured.internal.RequestSpecificationImpl@74cadd41
2019-09-27 15:29:54 INFO  TestUtils:44 - Getting Response Message
2019-09-27 15:29:54 INFO  TestUtils:46 - Response Message: HTTP/1.1 400 
